logfile opened on Thu Dec  7 18:59:20 2017

stitched 12 LoD cracks
...loaded 6486 faces, 136 meshes, 0 trisurfs, 0 flares
^1[^718^1:^759^1]^7 64 HUD elements loaded.
CL_InitCGame:  1.36 seconds
0 msec to draw all images
Com_TouchMemory: 0 msec
^1[^718^1:^759^1]^7 ric^s entered the game. (^4Predator^s)
^1[^718^1:^759^1]^7 ric^s is the new team leader
^1[^718^1:^759^1]^7 Slash was kicked
^1[^719^1:^700^1]^7 Hunter was railed by ric.
^1[^719^1:^700^1]^7 ^4Predator^7 team scores!
RE_Shutdown( 0 )
Hunk_Clear: reset the hunk ok
----- R_Init -----
Cmd_AddCommand: screenshotBMP already defined

GL_VENDOR: NVIDIA Corporation
GL_RENDERER: GeForce GTX 960/PCIe/SSE2
GL_VERSION: 4.5.0 NVIDIA 384.90

GL_MAX_TEXTURE_SIZE: 16384
GL_MAX_TEXTURE_UNITS_ARB: 4

PIXELFORMAT: color(16-bits) Z(24-bit) stencil(0-bits)
MODE: -1, 1600 x 900 windowed hz:N/A
GAMMA: hardware w/ 0 overbright bits
CPU: 64-bit GenuineIntel
rendering primitives: single glDrawElements
texturemode: GL_LINEAR_MIPMAP_NEAREST
picmip: 1
texture bits: 0
multitexture: enabled
compiled vertex arrays: enabled
texenv add: disabled
compressed textures: disabled
Initializing Shaders
----- finished R_Init -----
------ Initializing Sound ------
Use direct access
----- Sound Info -----
    1 stereo
 8192 samples
   16 samplebits
    1 submission_chunk
22050 speed
0xe04980 dma buffer
No background file.
----------------------
Sound initialization successful.
--------------------------------
Sound memory manager started
Loading vm file vm/ui.qvm...
 bad pak index 118 (expecting 185) for vm/ui.jts.
VM file ui compiled to 569510 bytes of code
ui loaded in 1048832 bytes on the hunk
^3Restricted source tried to set "vm_game" to "0"
1 arenas ignored to make count divisible by 4
Unknown command "screenshotXP^7"
CL_GlobalServers_f: Error: No master server address given.
Requesting servers from master master.quake3arena.com...
getserversResponse: 99 servers parsed (total 99)
getserversResponse: 48 servers parsed (total 147)
213.230.217.206:27961 resolved to 213.230.217.206:27961
Current search path:
/home/r/.q3a/excessiveplus/z-xp-2_3.pk3 (20 files)
/home/r/.q3a/excessiveplus/z-xp-2_2b.pk3 (64 files)
/home/r/.q3a/excessiveplus/z-xp-2_2a.pk3 (64 files)
/home/r/.q3a/excessiveplus/z-xp-2_1.pk3 (85 files)
/home/r/.q3a/excessiveplus/z-xp-2_0a.pk3 (900 files)
/home/r/.q3a/excessiveplus
/media/r/Games/Jogos/Quake III Arena/excessiveplus/z-xp-2_3.pk3 (20 files)
/media/r/Games/Jogos/Quake III Arena/excessiveplus
/home/r/.q3a/baseq3/zz-exy.pk3 (939 files)
/home/r/.q3a/baseq3/pak6-misc.pk3 (229 files)
/home/r/.q3a/baseq3
/media/r/Games/Jogos/Quake III Arena/baseq3/zzz-b0_dez_fix.pk3 (3 files)
/media/r/Games/Jogos/Quake III Arena/baseq3/zz-osp-tdm.pk3 (8 files)
/media/r/Games/Jogos/Quake III Arena/baseq3/ztn3tourney1.pk3 (6 files)
/media/r/Games/Jogos/Quake III Arena/baseq3/ztn3dm1.pk3 (10 files)
/media/r/Games/Jogos/Quake III Arena/baseq3/zpr_run2.pk3 (23 files)
/media/r/Games/Jogos/Quake III Arena/baseq3/xcm_tricks2.pk3 (165 files)
/media/r/Games/Jogos/Quake III Arena/baseq3/XCMCTF-Pak1.pk3 (250 files)
/media/r/Games/Jogos/Quake III Arena/baseq3/vrmpack.pk3 (8 files)
/media/r/Games/Jogos/Quake III Arena/baseq3/vdmm4_01.pk3 (23 files)
/media/r/Games/Jogos/Quake III Arena/baseq3/vdm1.pk3 (36 files)
/media/r/Games/Jogos/Quake III Arena/baseq3/unfreeze0-dev-client.pk3 (31 files)
/media/r/Games/Jogos/Quake III Arena/baseq3/ump3.pk3 (501 files)
/media/r/Games/Jogos/Quake III Arena/baseq3/tsdocks-b3.pk3 (25 files)
/media/r/Games/Jogos/Quake III Arena/baseq3/tr1ckhouse-beta3.pk3 (27 files)
/media/r/Games/Jogos/Quake III Arena/baseq3/szaq8.pk3 (19 files)
/media/r/Games/Jogos/Quake III Arena/baseq3/szaq7.pk3 (18 files)
/media/r/Games/Jogos/Quake III Arena/baseq3/szaq5.pk3 (20 files)
/media/r/Games/Jogos/Quake III Arena/baseq3/szaq2.pk3 (21 files)
/media/r/Games/Jogos/Quake III Arena/baseq3/st1.pk3 (16 files)
/media/r/Games/Jogos/Quake III Arena/baseq3/skycastle.pk3 (21 files)
/media/r/Games/Jogos/Quake III Arena/baseq3/skeeter.pk3 (26 files)
/media/r/Games/Jogos/Quake III Arena/baseq3/runsky2.pk3 (16 files)
/media/r/Games/Jogos/Quake III Arena/baseq3/revisit_dfmaps.pk3 (1266 files)
/media/r/Games/Jogos/Quake III Arena/baseq3/rdk-spiral.pk3 (11 files)
/media/r/Games/Jogos/Quake III Arena/baseq3/rdk-15.pk3 (15 files)
/media/r/Games/Jogos/Quake III Arena/baseq3/ra3map1.pk3 (26 files)
/media/r/Games/Jogos/Quake III Arena/baseq3/q3wpak4.pk3 (562 files)
/media/r/Games/Jogos/Quake III Arena/baseq3/q3wpak3.pk3 (447 files)
/media/r/Games/Jogos/Quake III Arena/baseq3/q3wpak2.pk3 (195 files)
/media/r/Games/Jogos/Quake III Arena/baseq3/q3wpak1.pk3 (396 files)
/media/r/Games/Jogos/Quake III Arena/baseq3/q3wpak0.pk3 (287 files)
/media/r/Games/Jogos/Quake III Arena/baseq3/q3dm14tmp.pk3 (2 files)
/media/r/Games/Jogos/Quake III Arena/baseq3/q3amphi.pk3 (1 files)
/media/r/Games/Jogos/Quake III Arena/baseq3/pukka3tourney7.pk3 (115 files)
/media/r/Games/Jogos/Quake III Arena/baseq3/pukka3tourney6.pk3 (71 files)
/media/r/Games/Jogos/Quake III Arena/baseq3/pukka3tourney5.pk3 (47 files)
/media/r/Games/Jogos/Quake III Arena/baseq3/pukka3tourney4.pk3 (104 files)
/media/r/Games/Jogos/Quake III Arena/baseq3/pukka3tourney3.pk3 (115 files)
/media/r/Games/Jogos/Quake III Arena/baseq3/pukka3tourney2.pk3 (91 files)
/media/r/Games/Jogos/Quake III Arena/baseq3/pukka3tourney1.pk3 (52 files)
/media/r/Games/Jogos/Quake III Arena/baseq3/pukka3dm2.pk3 (31 files)
/media/r/Games/Jogos/Quake III Arena/baseq3/pukka3dm1.pk3 (102 files)
/media/r/Games/Jogos/Quake III Arena/baseq3/proton.pk3 (23 files)
/media/r/Games/Jogos/Quake III Arena/baseq3/promode&vanilla.pk3 (186 files)
/media/r/Games/Jogos/Quake III Arena/baseq3/pro-q3tourney7.pk3 (10 files)
/media/r/Games/Jogos/Quake III Arena/baseq3/pro-nodm9.pk3 (49 files)
/media/r/Games/Jogos/Quake III Arena/baseq3/pornstar-slopin.pk3 (16 files)
/media/r/Games/Jogos/Quake III Arena/baseq3/pornstar-redemption-long.pk3 (12 files)
/media/r/Games/Jogos/Quake III Arena/baseq3/pornstar-quickie1.pk3 (19 files)
/media/r/Games/Jogos/Quake III Arena/baseq3/pornstar-peanuts.pk3 (14 files)
/media/r/Games/Jogos/Quake III Arena/baseq3/pornstar-kaine.pk3 (18 files)
/media/r/Games/Jogos/Quake III Arena/baseq3/pornstar-gaand.pk3 (15 files)
/media/r/Games/Jogos/Quake III Arena/baseq3/pornstar-dhoni.pk3 (16 files)
/media/r/Games/Jogos/Quake III Arena/baseq3/pornstar-cpmrun.pk3 (17 files)
/media/r/Games/Jogos/Quake III Arena/baseq3/pornstar-8percent.pk3 (10 files)
/media/r/Games/Jogos/Quake III Arena/baseq3/Polish Mid-Air MapPack.pk3 (252 files)
/media/r/Games/Jogos/Quake III Arena/baseq3/pht-ob2fix1.pk3 (24 files)
/media/r/Games/Jogos/Quake III Arena/baseq3/pht-ob2.pk3 (18 files)
/media/r/Games/Jogos/Quake III Arena/baseq3/Pea_AerOBlah.pk3 (5 files)
/media/r/Games/Jogos/Quake III Arena/baseq3/pak8a.pk3 (220 files)
/media/r/Games/Jogos/Quake III Arena/baseq3/pak8.pk3 (9 files)
/media/r/Games/Jogos/Quake III Arena/baseq3/pak7.pk3 (4 files)
/media/r/Games/Jogos/Quake III Arena/baseq3/pak6.pk3 (64 files)
/media/r/Games/Jogos/Quake III Arena/baseq3/pak5.pk3 (7 files)
/media/r/Games/Jogos/Quake III Arena/baseq3/pak4.pk3 (272 files)
/media/r/Games/Jogos/Quake III Arena/baseq3/pak3.pk3 (4 files)
/media/r/Games/Jogos/Quake III Arena/baseq3/pak2.pk3 (148 files)
/media/r/Games/Jogos/Quake III Arena/baseq3/pak1.pk3 (26 files)
/media/r/Games/Jogos/Quake III Arena/baseq3/pak0.pk3 (3539 files)
/media/r/Games/Jogos/Quake III Arena/baseq3/ospra3map1.pk3 (23 files)
/media/r/Games/Jogos/Quake III Arena/baseq3/ospdm5a.pk3 (20 files)
/media/r/Games/Jogos/Quake III Arena/baseq3/opc1.pk3 (17 files)
/media/r/Games/Jogos/Quake III Arena/baseq3/ojra-absolution.pk3 (19 files)
/media/r/Games/Jogos/Quake III Arena/baseq3/ojfc-ctfsshit.pk3 (130 files)
/media/r/Games/Jogos/Quake III Arena/baseq3/ojfc-ctfsmoreshit-TEMP8.pk3 (103 files)
/media/r/Games/Jogos/Quake III Arena/baseq3/o3j-velocity.pk3 (44 files)
/media/r/Games/Jogos/Quake III Arena/baseq3/nosf-dervish.pk3 (30 files)
/media/r/Games/Jogos/Quake III Arena/baseq3/nodm7.pk3 (97 files)
/media/r/Games/Jogos/Quake III Arena/baseq3/nodm10.pk3 (58 files)
/media/r/Games/Jogos/Quake III Arena/baseq3/necro6.pk3 (124 files)
/media/r/Games/Jogos/Quake III Arena/baseq3/mario.pk3 (44 files)
/media/r/Games/Jogos/Quake III Arena/baseq3/map_sq3t2.pk3 (77 files)
/media/r/Games/Jogos/Quake III Arena/baseq3/map_oxodm76.pk3 (83 files)
/media/r/Games/Jogos/Quake III Arena/baseq3/map_oxodm55.pk3 (71 files)
/media/r/Games/Jogos/Quake III Arena/baseq3/map_oxodm19.pk3 (53 files)
/media/r/Games/Jogos/Quake III Arena/baseq3/map_oxodm14.pk3 (67 files)
/media/r/Games/Jogos/Quake III Arena/baseq3/map_oxodm120.pk3 (79 files)
/media/r/Games/Jogos/Quake III Arena/baseq3/map_ospdm5a.pk3 (20 files)
/media/r/Games/Jogos/Quake III Arena/baseq3/map_nodm9.pk3 (57 files)
/media/r/Games/Jogos/Quake III Arena/baseq3/map_nodm19.pk3 (71 files)
/media/r/Games/Jogos/Quake III Arena/baseq3/map_nodm18.pk3 (74 files)
/media/r/Games/Jogos/Quake III Arena/baseq3/map_nodm17.pk3 (74 files)
/media/r/Games/Jogos/Quake III Arena/baseq3/map_nodm13.pk3 (67 files)
/media/r/Games/Jogos/Quake III Arena/baseq3/map_cpmctf5.pk3 (16 files)
/media/r/Games/Jogos/Quake III Arena/baseq3/map_cpmctf3.pk3 (118 files)
/media/r/Games/Jogos/Quake III Arena/baseq3/map_cpmctf2.pk3 (57 files)
/media/r/Games/Jogos/Quake III Arena/baseq3/map_cpmctf1.pk3 (45 files)
/media/r/Games/Jogos/Quake III Arena/baseq3/map_cpma3.pk3 (10 files)
/media/r/Games/Jogos/Quake III Arena/baseq3/map_cpm9.pk3 (10 files)
/media/r/Games/Jogos/Quake III Arena/baseq3/map_cpm8.pk3 (13 files)
/media/r/Games/Jogos/Quake III Arena/baseq3/map_cpm7.pk3 (15 files)
/media/r/Games/Jogos/Quake III Arena/baseq3/map_cpm6.pk3 (41 files)
/media/r/Games/Jogos/Quake III Arena/baseq3/map_cpm5.pk3 (7 files)
/media/r/Games/Jogos/Quake III Arena/baseq3/map_cpm4a.pk3 (74 files)
/media/r/Games/Jogos/Quake III Arena/baseq3/map_cpm4.pk3 (7 files)
/media/r/Games/Jogos/Quake III Arena/baseq3/map_cpm3a.pk3 (79 files)
/media/r/Games/Jogos/Quake III Arena/baseq3/map_cpm3.pk3 (28 files)
/media/r/Games/Jogos/Quake III Arena/baseq3/map_cpm29.pk3 (78 files)
/media/r/Games/Jogos/Quake III Arena/baseq3/map_cpm28.pk3 (33 files)
/media/r/Games/Jogos/Quake III Arena/baseq3/map_cpm27.pk3 (95 files)
/media/r/Games/Jogos/Quake III Arena/baseq3/map_cpm26_cpmctf4.pk3 (100 files)
/media/r/Games/Jogos/Quake III Arena/baseq3/map_cpm25.pk3 (59 files)
/media/r/Games/Jogos/Quake III Arena/baseq3/map_cpm24.pk3 (44 files)
/media/r/Games/Jogos/Quake III Arena/baseq3/map_cpm23.pk3 (91 files)
/media/r/Games/Jogos/Quake III Arena/baseq3/map_cpm22.pk3 (60 files)
/media/r/Games/Jogos/Quake III Arena/baseq3/map_cpm21.pk3 (93 files)
/media/r/Games/Jogos/Quake III Arena/baseq3/map_cpm20.pk3 (82 files)
/media/r/Games/Jogos/Quake III Arena/baseq3/map_cpm2.pk3 (14 files)
/media/r/Games/Jogos/Quake III Arena/baseq3/map_cpm1a.pk3 (57 files)
/media/r/Games/Jogos/Quake III Arena/baseq3/map_cpm19.pk3 (58 files)
/media/r/Games/Jogos/Quake III Arena/baseq3/map_cpm18r.pk3 (79 files)
/media/r/Games/Jogos/Quake III Arena/baseq3/map_cpm18.pk3 (77 files)
/media/r/Games/Jogos/Quake III Arena/baseq3/map_cpm17.pk3 (71 files)
/media/r/Games/Jogos/Quake III Arena/baseq3/map_cpm16.pk3 (34 files)
/media/r/Games/Jogos/Quake III Arena/baseq3/map_cpm15.pk3 (28 files)
/media/r/Games/Jogos/Quake III Arena/baseq3/map_cpm14.pk3 (86 files)
/media/r/Games/Jogos/Quake III Arena/baseq3/map_cpm13.pk3 (72 files)
/media/r/Games/Jogos/Quake III Arena/baseq3/map_cpm12.pk3 (20 files)
/media/r/Games/Jogos/Quake III Arena/baseq3/map_cpm11a.pk3 (18 files)
/media/r/Games/Jogos/Quake III Arena/baseq3/map_cpm11.pk3 (15 files)
/media/r/Games/Jogos/Quake III Arena/baseq3/map_cpm10.pk3 (16 files)
/media/r/Games/Jogos/Quake III Arena/baseq3/mapel4b.pk3 (59 files)
/media/r/Games/Jogos/Quake III Arena/baseq3/map-xfdm2.pk3 (63 files)
/media/r/Games/Jogos/Quake III Arena/baseq3/map-plduel4.pk3 (106 files)
/media/r/Games/Jogos/Quake III Arena/baseq3/map-plduel3.pk3 (88 files)
/media/r/Games/Jogos/Quake III Arena/baseq3/map-plduel2.pk3 (81 files)
/media/r/Games/Jogos/Quake III Arena/baseq3/map-plduel1.pk3 (98 files)
/media/r/Games/Jogos/Quake III Arena/baseq3/map-acidcpma2.pk3 (46 files)
/media/r/Games/Jogos/Quake III Arena/baseq3/map-acid3dm10.pk3 (40 files)
/media/r/Games/Jogos/Quake III Arena/baseq3/ltgm_arght.pk3 (7 files)
/media/r/Games/Jogos/Quake III Arena/baseq3/lick-hq.pk3 (21 files)
/media/r/Games/Jogos/Quake III Arena/baseq3/kraglecpm.pk3 (30 files)
/media/r/Games/Jogos/Quake III Arena/baseq3/j4n_govno.pk3 (22 files)
/media/r/Games/Jogos/Quake III Arena/baseq3/invertedpenguin.pk3 (146 files)
/media/r/Games/Jogos/Quake III Arena/baseq3/industrial.pk3 (164 files)
/media/r/Games/Jogos/Quake III Arena/baseq3/hub3aeroq3.pk3 (30 files)
/media/r/Games/Jogos/Quake III Arena/baseq3/ht-tourney1-beta8.pk3 (130 files)
/media/r/Games/Jogos/Quake III Arena/baseq3/hektik_b3_2.pk3 (90 files)
/media/r/Games/Jogos/Quake III Arena/baseq3/hektik_b3.pk3 (90 files)
/media/r/Games/Jogos/Quake III Arena/baseq3/hcmhxn5.pk3 (78 files)
/media/r/Games/Jogos/Quake III Arena/baseq3/gu3-fragments.pk3 (50 files)
/media/r/Games/Jogos/Quake III Arena/baseq3/Fjo3ctf1.pk3 (109 files)
/media/r/Games/Jogos/Quake III Arena/baseq3/falkoisgay.pk3 (4 files)
/media/r/Games/Jogos/Quake III Arena/baseq3/end3r-strafe1.pk3 (3 files)
/media/r/Games/Jogos/Quake III Arena/baseq3/electron.pk3 (26 files)
/media/r/Games/Jogos/Quake III Arena/baseq3/eizdm4-b15.pk3 (19 files)
/media/r/Games/Jogos/Quake III Arena/baseq3/dustballs.pk3 (15 files)
/media/r/Games/Jogos/Quake III Arena/baseq3/df_rusher_mappack.pk3 (233 files)
/media/r/Games/Jogos/Quake III Arena/baseq3/dezdm1.pk3 (13 files)
/media/r/Games/Jogos/Quake III Arena/baseq3/cyb-GPLeap_fixed.pk3 (20 files)
/media/r/Games/Jogos/Quake III Arena/baseq3/ct3ctf1.pk3 (60 files)
/media/r/Games/Jogos/Quake III Arena/baseq3/cpu1b2.pk3 (7 files)
/media/r/Games/Jogos/Quake III Arena/baseq3/cpmjump.pk3 (3 files)
/media/r/Games/Jogos/Quake III Arena/baseq3/cos1_beta7b.pk3 (55 files)
/media/r/Games/Jogos/Quake III Arena/baseq3/coldrun.pk3 (58 files)
/media/r/Games/Jogos/Quake III Arena/baseq3/ChilePackHunter2.pk3 (71 files)
/media/r/Games/Jogos/Quake III Arena/baseq3/boris_torture1.pk3 (11 files)
/media/r/Games/Jogos/Quake III Arena/baseq3/bardok-egypt.pk3 (28 files)
/media/r/Games/Jogos/Quake III Arena/baseq3/BardoK-AVP.pk3 (27 files)
/media/r/Games/Jogos/Quake III Arena/baseq3/bardok-airjordan.pk3 (22 files)
/media/r/Games/Jogos/Quake III Arena/baseq3/b1k.pk3 (4 files)
/media/r/Games/Jogos/Quake III Arena/baseq3/b0_beta6_2.pk3 (25 files)
/media/r/Games/Jogos/Quake III Arena/baseq3/b0_beta6.pk3 (27 files)
/media/r/Games/Jogos/Quake III Arena/baseq3/b0_beta3.pk3 (54 files)
/media/r/Games/Jogos/Quake III Arena/baseq3/avrdm1b.pk3 (69 files)
/media/r/Games/Jogos/Quake III Arena/baseq3/astronomybeta.pk3 (77 files)
/media/r/Games/Jogos/Quake III Arena/baseq3/amt-run2.pk3 (36 files)
/media/r/Games/Jogos/Quake III Arena/baseq3/akumacpm1a.pk3 (65 files)
/media/r/Games/Jogos/Quake III Arena/baseq3

handle 1: qconsole.log
----------------------
18509 files in 186 pk3 files

WARNING: You are missing some files referenced by the server:
excessiveplus/zzzzzzzzz-cv_vote.pk3
excessiveplus/z-xp-2_0d.pk3
excessiveplus/z-xp-2_0c.pk3
excessiveplus/z-xp-2_0b.pk3
baseq3/ospmaps.pk3
You might not be able to join the game
Go to the setting menu to turn on autodownload, or get the file elsewhere

RE_Shutdown( 0 )
Hunk_Clear: reset the hunk ok
----- R_Init -----
Cmd_AddCommand: screenshotBMP already defined

GL_VENDOR: NVIDIA Corporation
GL_RENDERER: GeForce GTX 960/PCIe/SSE2
GL_VERSION: 4.5.0 NVIDIA 384.90

GL_MAX_TEXTURE_SIZE: 16384
GL_MAX_TEXTURE_UNITS_ARB: 4

PIXELFORMAT: color(16-bits) Z(24-bit) stencil(0-bits)
MODE: -1, 1600 x 900 windowed hz:N/A
GAMMA: hardware w/ 0 overbright bits
CPU: 64-bit GenuineIntel
rendering primitives: single glDrawElements
texturemode: GL_LINEAR_MIPMAP_NEAREST
picmip: 1
texture bits: 0
multitexture: enabled
compiled vertex arrays: enabled
texenv add: disabled
compressed textures: disabled
Initializing Shaders
----- finished R_Init -----
------ Initializing Sound ------
Use direct access
----- Sound Info -----
    1 stereo
 8192 samples
   16 samplebits
    1 submission_chunk
22050 speed
0xe04980 dma buffer
No background file.
----------------------
Sound initialization successful.
--------------------------------
Sound memory manager started
Loading vm file vm/ui.qvm...
 bad pak index 118 (expecting 185) for vm/ui.jts.
VM file ui compiled to 569510 bytes of code
ui loaded in 1048832 bytes on the hunk
^3Restricted source tried to set "vm_game" to "0"
1 arenas ignored to make count divisible by 4
Loading vm file vm/cgame.qvm...
 bad pak index 118 (expecting 185) for vm/cgame.jts.
VM file cgame compiled to 1286702 bytes of code
cgame loaded in 8388864 bytes on the hunk
********************
ERROR: Couldn't load maps/ospdm8.bsp
********************
forcefully unloading cgame vm
RE_Shutdown( 0 )
Hunk_Clear: reset the hunk ok
----- R_Init -----
Cmd_AddCommand: screenshotBMP already defined

GL_VENDOR: NVIDIA Corporation
GL_RENDERER: GeForce GTX 960/PCIe/SSE2
GL_VERSION: 4.5.0 NVIDIA 384.90

GL_MAX_TEXTURE_SIZE: 16384
GL_MAX_TEXTURE_UNITS_ARB: 4

PIXELFORMAT: color(16-bits) Z(24-bit) stencil(0-bits)
MODE: -1, 1600 x 900 windowed hz:N/A
GAMMA: hardware w/ 0 overbright bits
CPU: 64-bit GenuineIntel
rendering primitives: single glDrawElements
texturemode: GL_LINEAR_MIPMAP_NEAREST
picmip: 1
texture bits: 0
multitexture: enabled
compiled vertex arrays: enabled
texenv add: disabled
compressed textures: disabled
Initializing Shaders
----- finished R_Init -----
------ Initializing Sound ------
Use direct access
----- Sound Info -----
    1 stereo
 8192 samples
   16 samplebits
    1 submission_chunk
22050 speed
0xe04980 dma buffer
No background file.
----------------------
Sound initialization successful.
--------------------------------
Sound memory manager started
Loading vm file vm/ui.qvm...
 bad pak index 118 (expecting 185) for vm/ui.jts.
VM file ui compiled to 569510 bytes of code
ui loaded in 1048832 bytes on the hunk
^3Restricted source tried to set "vm_game" to "0"
1 arenas ignored to make count divisible by 4
Unknown command "screenshotXP^7"
]/connect 45.32.237.139:27960
45.32.237.139:27960 resolved to 45.32.237.139:27960
Current search path:
/home/r/.q3a/excessiveplus/z-xp-2_3.pk3 (20 files)
/home/r/.q3a/excessiveplus/z-xp-2_2b.pk3 (64 files)
/home/r/.q3a/excessiveplus/z-xp-2_2a.pk3 (64 files)
/home/r/.q3a/excessiveplus/z-xp-2_1.pk3 (85 files)
/home/r/.q3a/excessiveplus/z-xp-2_0a.pk3 (900 files)
/home/r/.q3a/excessiveplus
/media/r/Games/Jogos/Quake III Arena/excessiveplus/z-xp-2_3.pk3 (20 files)
/media/r/Games/Jogos/Quake III Arena/excessiveplus
/home/r/.q3a/baseq3/zz-exy.pk3 (939 files)
/home/r/.q3a/baseq3/pak6-misc.pk3 (229 files)
/home/r/.q3a/baseq3
/media/r/Games/Jogos/Quake III Arena/baseq3/zzz-b0_dez_fix.pk3 (3 files)
/media/r/Games/Jogos/Quake III Arena/baseq3/zz-osp-tdm.pk3 (8 files)
/media/r/Games/Jogos/Quake III Arena/baseq3/ztn3tourney1.pk3 (6 files)
/media/r/Games/Jogos/Quake III Arena/baseq3/ztn3dm1.pk3 (10 files)
/media/r/Games/Jogos/Quake III Arena/baseq3/zpr_run2.pk3 (23 files)
/media/r/Games/Jogos/Quake III Arena/baseq3/xcm_tricks2.pk3 (165 files)
/media/r/Games/Jogos/Quake III Arena/baseq3/XCMCTF-Pak1.pk3 (250 files)
/media/r/Games/Jogos/Quake III Arena/baseq3/vrmpack.pk3 (8 files)
/media/r/Games/Jogos/Quake III Arena/baseq3/vdmm4_01.pk3 (23 files)
/media/r/Games/Jogos/Quake III Arena/baseq3/vdm1.pk3 (36 files)
/media/r/Games/Jogos/Quake III Arena/baseq3/unfreeze0-dev-client.pk3 (31 files)
/media/r/Games/Jogos/Quake III Arena/baseq3/ump3.pk3 (501 files)
/media/r/Games/Jogos/Quake III Arena/baseq3/tsdocks-b3.pk3 (25 files)
/media/r/Games/Jogos/Quake III Arena/baseq3/tr1ckhouse-beta3.pk3 (27 files)
/media/r/Games/Jogos/Quake III Arena/baseq3/szaq8.pk3 (19 files)
/media/r/Games/Jogos/Quake III Arena/baseq3/szaq7.pk3 (18 files)
/media/r/Games/Jogos/Quake III Arena/baseq3/szaq5.pk3 (20 files)
/media/r/Games/Jogos/Quake III Arena/baseq3/szaq2.pk3 (21 files)
/media/r/Games/Jogos/Quake III Arena/baseq3/st1.pk3 (16 files)
/media/r/Games/Jogos/Quake III Arena/baseq3/skycastle.pk3 (21 files)
/media/r/Games/Jogos/Quake III Arena/baseq3/skeeter.pk3 (26 files)
/media/r/Games/Jogos/Quake III Arena/baseq3/runsky2.pk3 (16 files)
/media/r/Games/Jogos/Quake III Arena/baseq3/revisit_dfmaps.pk3 (1266 files)
/media/r/Games/Jogos/Quake III Arena/baseq3/rdk-spiral.pk3 (11 files)
/media/r/Games/Jogos/Quake III Arena/baseq3/rdk-15.pk3 (15 files)
/media/r/Games/Jogos/Quake III Arena/baseq3/ra3map1.pk3 (26 files)
/media/r/Games/Jogos/Quake III Arena/baseq3/q3wpak4.pk3 (562 files)
/media/r/Games/Jogos/Quake III Arena/baseq3/q3wpak3.pk3 (447 files)
/media/r/Games/Jogos/Quake III Arena/baseq3/q3wpak2.pk3 (195 files)
/media/r/Games/Jogos/Quake III Arena/baseq3/q3wpak1.pk3 (396 files)
/media/r/Games/Jogos/Quake III Arena/baseq3/q3wpak0.pk3 (287 files)
/media/r/Games/Jogos/Quake III Arena/baseq3/q3dm14tmp.pk3 (2 files)
/media/r/Games/Jogos/Quake III Arena/baseq3/q3amphi.pk3 (1 files)
/media/r/Games/Jogos/Quake III Arena/baseq3/pukka3tourney7.pk3 (115 files)
/media/r/Games/Jogos/Quake III Arena/baseq3/pukka3tourney6.pk3 (71 files)
/media/r/Games/Jogos/Quake III Arena/baseq3/pukka3tourney5.pk3 (47 files)
/media/r/Games/Jogos/Quake III Arena/baseq3/pukka3tourney4.pk3 (104 files)
/media/r/Games/Jogos/Quake III Arena/baseq3/pukka3tourney3.pk3 (115 files)
/media/r/Games/Jogos/Quake III Arena/baseq3/pukka3tourney2.pk3 (91 files)
/media/r/Games/Jogos/Quake III Arena/baseq3/pukka3tourney1.pk3 (52 files)
/media/r/Games/Jogos/Quake III Arena/baseq3/pukka3dm2.pk3 (31 files)
/media/r/Games/Jogos/Quake III Arena/baseq3/pukka3dm1.pk3 (102 files)
/media/r/Games/Jogos/Quake III Arena/baseq3/proton.pk3 (23 files)
/media/r/Games/Jogos/Quake III Arena/baseq3/promode&vanilla.pk3 (186 files)
/media/r/Games/Jogos/Quake III Arena/baseq3/pro-q3tourney7.pk3 (10 files)
/media/r/Games/Jogos/Quake III Arena/baseq3/pro-nodm9.pk3 (49 files)
/media/r/Games/Jogos/Quake III Arena/baseq3/pornstar-slopin.pk3 (16 files)
/media/r/Games/Jogos/Quake III Arena/baseq3/pornstar-redemption-long.pk3 (12 files)
/media/r/Games/Jogos/Quake III Arena/baseq3/pornstar-quickie1.pk3 (19 files)
/media/r/Games/Jogos/Quake III Arena/baseq3/pornstar-peanuts.pk3 (14 files)
/media/r/Games/Jogos/Quake III Arena/baseq3/pornstar-kaine.pk3 (18 files)
/media/r/Games/Jogos/Quake III Arena/baseq3/pornstar-gaand.pk3 (15 files)
/media/r/Games/Jogos/Quake III Arena/baseq3/pornstar-dhoni.pk3 (16 files)
/media/r/Games/Jogos/Quake III Arena/baseq3/pornstar-cpmrun.pk3 (17 files)
/media/r/Games/Jogos/Quake III Arena/baseq3/pornstar-8percent.pk3 (10 files)
/media/r/Games/Jogos/Quake III Arena/baseq3/Polish Mid-Air MapPack.pk3 (252 files)
/media/r/Games/Jogos/Quake III Arena/baseq3/pht-ob2fix1.pk3 (24 files)
/media/r/Games/Jogos/Quake III Arena/baseq3/pht-ob2.pk3 (18 files)
/media/r/Games/Jogos/Quake III Arena/baseq3/Pea_AerOBlah.pk3 (5 files)
/media/r/Games/Jogos/Quake III Arena/baseq3/pak8a.pk3 (220 files)
/media/r/Games/Jogos/Quake III Arena/baseq3/pak8.pk3 (9 files)
/media/r/Games/Jogos/Quake III Arena/baseq3/pak7.pk3 (4 files)
/media/r/Games/Jogos/Quake III Arena/baseq3/pak6.pk3 (64 files)
/media/r/Games/Jogos/Quake III Arena/baseq3/pak5.pk3 (7 files)
/media/r/Games/Jogos/Quake III Arena/baseq3/pak4.pk3 (272 files)
/media/r/Games/Jogos/Quake III Arena/baseq3/pak3.pk3 (4 files)
/media/r/Games/Jogos/Quake III Arena/baseq3/pak2.pk3 (148 files)
/media/r/Games/Jogos/Quake III Arena/baseq3/pak1.pk3 (26 files)
/media/r/Games/Jogos/Quake III Arena/baseq3/pak0.pk3 (3539 files)
/media/r/Games/Jogos/Quake III Arena/baseq3/ospra3map1.pk3 (23 files)
/media/r/Games/Jogos/Quake III Arena/baseq3/ospdm5a.pk3 (20 files)
/media/r/Games/Jogos/Quake III Arena/baseq3/opc1.pk3 (17 files)
/media/r/Games/Jogos/Quake III Arena/baseq3/ojra-absolution.pk3 (19 files)
/media/r/Games/Jogos/Quake III Arena/baseq3/ojfc-ctfsshit.pk3 (130 files)
/media/r/Games/Jogos/Quake III Arena/baseq3/ojfc-ctfsmoreshit-TEMP8.pk3 (103 files)
/media/r/Games/Jogos/Quake III Arena/baseq3/o3j-velocity.pk3 (44 files)
/media/r/Games/Jogos/Quake III Arena/baseq3/nosf-dervish.pk3 (30 files)
/media/r/Games/Jogos/Quake III Arena/baseq3/nodm7.pk3 (97 files)
/media/r/Games/Jogos/Quake III Arena/baseq3/nodm10.pk3 (58 files)
/media/r/Games/Jogos/Quake III Arena/baseq3/necro6.pk3 (124 files)
/media/r/Games/Jogos/Quake III Arena/baseq3/mario.pk3 (44 files)
/media/r/Games/Jogos/Quake III Arena/baseq3/map_sq3t2.pk3 (77 files)
/media/r/Games/Jogos/Quake III Arena/baseq3/map_oxodm76.pk3 (83 files)
/media/r/Games/Jogos/Quake III Arena/baseq3/map_oxodm55.pk3 (71 files)
/media/r/Games/Jogos/Quake III Arena/baseq3/map_oxodm19.pk3 (53 files)
/media/r/Games/Jogos/Quake III Arena/baseq3/map_oxodm14.pk3 (67 files)
/media/r/Games/Jogos/Quake III Arena/baseq3/map_oxodm120.pk3 (79 files)
/media/r/Games/Jogos/Quake III Arena/baseq3/map_ospdm5a.pk3 (20 files)
/media/r/Games/Jogos/Quake III Arena/baseq3/map_nodm9.pk3 (57 files)
/media/r/Games/Jogos/Quake III Arena/baseq3/map_nodm19.pk3 (71 files)
/media/r/Games/Jogos/Quake III Arena/baseq3/map_nodm18.pk3 (74 files)
/media/r/Games/Jogos/Quake III Arena/baseq3/map_nodm17.pk3 (74 files)
/media/r/Games/Jogos/Quake III Arena/baseq3/map_nodm13.pk3 (67 files)
/media/r/Games/Jogos/Quake III Arena/baseq3/map_cpmctf5.pk3 (16 files)
/media/r/Games/Jogos/Quake III Arena/baseq3/map_cpmctf3.pk3 (118 files)
/media/r/Games/Jogos/Quake III Arena/baseq3/map_cpmctf2.pk3 (57 files)
/media/r/Games/Jogos/Quake III Arena/baseq3/map_cpmctf1.pk3 (45 files)
/media/r/Games/Jogos/Quake III Arena/baseq3/map_cpma3.pk3 (10 files)
/media/r/Games/Jogos/Quake III Arena/baseq3/map_cpm9.pk3 (10 files)
/media/r/Games/Jogos/Quake III Arena/baseq3/map_cpm8.pk3 (13 files)
/media/r/Games/Jogos/Quake III Arena/baseq3/map_cpm7.pk3 (15 files)
/media/r/Games/Jogos/Quake III Arena/baseq3/map_cpm6.pk3 (41 files)
/media/r/Games/Jogos/Quake III Arena/baseq3/map_cpm5.pk3 (7 files)
/media/r/Games/Jogos/Quake III Arena/baseq3/map_cpm4a.pk3 (74 files)
/media/r/Games/Jogos/Quake III Arena/baseq3/map_cpm4.pk3 (7 files)
/media/r/Games/Jogos/Quake III Arena/baseq3/map_cpm3a.pk3 (79 files)
/media/r/Games/Jogos/Quake III Arena/baseq3/map_cpm3.pk3 (28 files)
/media/r/Games/Jogos/Quake III Arena/baseq3/map_cpm29.pk3 (78 files)
/media/r/Games/Jogos/Quake III Arena/baseq3/map_cpm28.pk3 (33 files)
/media/r/Games/Jogos/Quake III Arena/baseq3/map_cpm27.pk3 (95 files)
/media/r/Games/Jogos/Quake III Arena/baseq3/map_cpm26_cpmctf4.pk3 (100 files)
/media/r/Games/Jogos/Quake III Arena/baseq3/map_cpm25.pk3 (59 files)
/media/r/Games/Jogos/Quake III Arena/baseq3/map_cpm24.pk3 (44 files)
/media/r/Games/Jogos/Quake III Arena/baseq3/map_cpm23.pk3 (91 files)
/media/r/Games/Jogos/Quake III Arena/baseq3/map_cpm22.pk3 (60 files)
/media/r/Games/Jogos/Quake III Arena/baseq3/map_cpm21.pk3 (93 files)
/media/r/Games/Jogos/Quake III Arena/baseq3/map_cpm20.pk3 (82 files)
/media/r/Games/Jogos/Quake III Arena/baseq3/map_cpm2.pk3 (14 files)
/media/r/Games/Jogos/Quake III Arena/baseq3/map_cpm1a.pk3 (57 files)
/media/r/Games/Jogos/Quake III Arena/baseq3/map_cpm19.pk3 (58 files)
/media/r/Games/Jogos/Quake III Arena/baseq3/map_cpm18r.pk3 (79 files)
/media/r/Games/Jogos/Quake III Arena/baseq3/map_cpm18.pk3 (77 files)
/media/r/Games/Jogos/Quake III Arena/baseq3/map_cpm17.pk3 (71 files)
/media/r/Games/Jogos/Quake III Arena/baseq3/map_cpm16.pk3 (34 files)
/media/r/Games/Jogos/Quake III Arena/baseq3/map_cpm15.pk3 (28 files)
/media/r/Games/Jogos/Quake III Arena/baseq3/map_cpm14.pk3 (86 files)
/media/r/Games/Jogos/Quake III Arena/baseq3/map_cpm13.pk3 (72 files)
/media/r/Games/Jogos/Quake III Arena/baseq3/map_cpm12.pk3 (20 files)
/media/r/Games/Jogos/Quake III Arena/baseq3/map_cpm11a.pk3 (18 files)
/media/r/Games/Jogos/Quake III Arena/baseq3/map_cpm11.pk3 (15 files)
/media/r/Games/Jogos/Quake III Arena/baseq3/map_cpm10.pk3 (16 files)
/media/r/Games/Jogos/Quake III Arena/baseq3/mapel4b.pk3 (59 files)
/media/r/Games/Jogos/Quake III Arena/baseq3/map-xfdm2.pk3 (63 files)
/media/r/Games/Jogos/Quake III Arena/baseq3/map-plduel4.pk3 (106 files)
/media/r/Games/Jogos/Quake III Arena/baseq3/map-plduel3.pk3 (88 files)
/media/r/Games/Jogos/Quake III Arena/baseq3/map-plduel2.pk3 (81 files)
/media/r/Games/Jogos/Quake III Arena/baseq3/map-plduel1.pk3 (98 files)
/media/r/Games/Jogos/Quake III Arena/baseq3/map-acidcpma2.pk3 (46 files)
/media/r/Games/Jogos/Quake III Arena/baseq3/map-acid3dm10.pk3 (40 files)
/media/r/Games/Jogos/Quake III Arena/baseq3/ltgm_arght.pk3 (7 files)
/media/r/Games/Jogos/Quake III Arena/baseq3/lick-hq.pk3 (21 files)
/media/r/Games/Jogos/Quake III Arena/baseq3/kraglecpm.pk3 (30 files)
/media/r/Games/Jogos/Quake III Arena/baseq3/j4n_govno.pk3 (22 files)
/media/r/Games/Jogos/Quake III Arena/baseq3/invertedpenguin.pk3 (146 files)
/media/r/Games/Jogos/Quake III Arena/baseq3/industrial.pk3 (164 files)
/media/r/Games/Jogos/Quake III Arena/baseq3/hub3aeroq3.pk3 (30 files)
/media/r/Games/Jogos/Quake III Arena/baseq3/ht-tourney1-beta8.pk3 (130 files)
/media/r/Games/Jogos/Quake III Arena/baseq3/hektik_b3_2.pk3 (90 files)
/media/r/Games/Jogos/Quake III Arena/baseq3/hektik_b3.pk3 (90 files)
/media/r/Games/Jogos/Quake III Arena/baseq3/hcmhxn5.pk3 (78 files)
/media/r/Games/Jogos/Quake III Arena/baseq3/gu3-fragments.pk3 (50 files)
/media/r/Games/Jogos/Quake III Arena/baseq3/Fjo3ctf1.pk3 (109 files)
/media/r/Games/Jogos/Quake III Arena/baseq3/falkoisgay.pk3 (4 files)
/media/r/Games/Jogos/Quake III Arena/baseq3/end3r-strafe1.pk3 (3 files)
/media/r/Games/Jogos/Quake III Arena/baseq3/electron.pk3 (26 files)
/media/r/Games/Jogos/Quake III Arena/baseq3/eizdm4-b15.pk3 (19 files)
/media/r/Games/Jogos/Quake III Arena/baseq3/dustballs.pk3 (15 files)
/media/r/Games/Jogos/Quake III Arena/baseq3/df_rusher_mappack.pk3 (233 files)
/media/r/Games/Jogos/Quake III Arena/baseq3/dezdm1.pk3 (13 files)
/media/r/Games/Jogos/Quake III Arena/baseq3/cyb-GPLeap_fixed.pk3 (20 files)
/media/r/Games/Jogos/Quake III Arena/baseq3/ct3ctf1.pk3 (60 files)
/media/r/Games/Jogos/Quake III Arena/baseq3/cpu1b2.pk3 (7 files)
/media/r/Games/Jogos/Quake III Arena/baseq3/cpmjump.pk3 (3 files)
/media/r/Games/Jogos/Quake III Arena/baseq3/cos1_beta7b.pk3 (55 files)
/media/r/Games/Jogos/Quake III Arena/baseq3/coldrun.pk3 (58 files)
/media/r/Games/Jogos/Quake III Arena/baseq3/ChilePackHunter2.pk3 (71 files)
/media/r/Games/Jogos/Quake III Arena/baseq3/boris_torture1.pk3 (11 files)
/media/r/Games/Jogos/Quake III Arena/baseq3/bardok-egypt.pk3 (28 files)
/media/r/Games/Jogos/Quake III Arena/baseq3/BardoK-AVP.pk3 (27 files)
/media/r/Games/Jogos/Quake III Arena/baseq3/bardok-airjordan.pk3 (22 files)
/media/r/Games/Jogos/Quake III Arena/baseq3/b1k.pk3 (4 files)
/media/r/Games/Jogos/Quake III Arena/baseq3/b0_beta6_2.pk3 (25 files)
/media/r/Games/Jogos/Quake III Arena/baseq3/b0_beta6.pk3 (27 files)
/media/r/Games/Jogos/Quake III Arena/baseq3/b0_beta3.pk3 (54 files)
/media/r/Games/Jogos/Quake III Arena/baseq3/avrdm1b.pk3 (69 files)
/media/r/Games/Jogos/Quake III Arena/baseq3/astronomybeta.pk3 (77 files)
/media/r/Games/Jogos/Quake III Arena/baseq3/amt-run2.pk3 (36 files)
/media/r/Games/Jogos/Quake III Arena/baseq3/akumacpm1a.pk3 (65 files)
/media/r/Games/Jogos/Quake III Arena/baseq3

handle 1: qconsole.log
----------------------
18509 files in 186 pk3 files

WARNING: You are missing some files referenced by the server:
excessiveplus/Zzzz-freon-v9.pk3
You might not be able to join the game
Go to the setting menu to turn on autodownload, or get the file elsewhere

RE_Shutdown( 0 )
Hunk_Clear: reset the hunk ok
----- R_Init -----
Cmd_AddCommand: screenshotBMP already defined

GL_VENDOR: NVIDIA Corporation
GL_RENDERER: GeForce GTX 960/PCIe/SSE2
GL_VERSION: 4.5.0 NVIDIA 384.90

GL_MAX_TEXTURE_SIZE: 16384
GL_MAX_TEXTURE_UNITS_ARB: 4

PIXELFORMAT: color(16-bits) Z(24-bit) stencil(0-bits)
MODE: -1, 1600 x 900 windowed hz:N/A
GAMMA: hardware w/ 0 overbright bits
CPU: 64-bit GenuineIntel
rendering primitives: single glDrawElements
texturemode: GL_LINEAR_MIPMAP_NEAREST
picmip: 1
texture bits: 0
multitexture: enabled
compiled vertex arrays: enabled
texenv add: disabled
compressed textures: disabled
Initializing Shaders
----- finished R_Init -----
------ Initializing Sound ------
Use direct access
----- Sound Info -----
    1 stereo
 8192 samples
   16 samplebits
    1 submission_chunk
22050 speed
0xe04980 dma buffer
No background file.
----------------------
Sound initialization successful.
--------------------------------
Sound memory manager started
Loading vm file vm/ui.qvm...
 bad pak index 118 (expecting 185) for vm/ui.jts.
VM file ui compiled to 569510 bytes of code
ui loaded in 1048832 bytes on the hunk
^3Restricted source tried to set "vm_game" to "0"
1 arenas ignored to make count divisible by 4
Loading vm file vm/cgame.qvm...
 bad pak index 118 (expecting 185) for vm/cgame.jts.
VM file cgame compiled to 1286702 bytes of code
cgame loaded in 8388864 bytes on the hunk
stitched 12 LoD cracks
...loaded 6486 faces, 136 meshes, 0 trisurfs, 0 flares
^1[^719^1:^701^1]^7 64 HUD elements loaded.
CL_InitCGame:  0.80 seconds
0 msec to draw all images
Com_TouchMemory: 0 msec
^1[^719^1:^701^1]^7 ric entered the game. (^1Alien^7)
^1[^719^1:^701^1]^7 ric is the new team leader
^1[^719^1:^701^1]^7 You will join the battle when you thaw.
RE_Shutdown( 0 )
Hunk_Clear: reset the hunk ok
----- R_Init -----
Cmd_AddCommand: screenshotBMP already defined

GL_VENDOR: NVIDIA Corporation
GL_RENDERER: GeForce GTX 960/PCIe/SSE2
GL_VERSION: 4.5.0 NVIDIA 384.90

GL_MAX_TEXTURE_SIZE: 16384
GL_MAX_TEXTURE_UNITS_ARB: 4

PIXELFORMAT: color(16-bits) Z(24-bit) stencil(0-bits)
MODE: -1, 1600 x 900 windowed hz:N/A
GAMMA: hardware w/ 0 overbright bits
CPU: 64-bit GenuineIntel
rendering primitives: single glDrawElements
texturemode: GL_LINEAR_MIPMAP_NEAREST
picmip: 1
texture bits: 0
multitexture: enabled
compiled vertex arrays: enabled
texenv add: disabled
compressed textures: disabled
Initializing Shaders
----- finished R_Init -----
------ Initializing Sound ------
Use direct access
----- Sound Info -----
    1 stereo
 8192 samples
   16 samplebits
    1 submission_chunk
22050 speed
0xe04980 dma buffer
No background file.
----------------------
Sound initialization successful.
--------------------------------
Sound memory manager started
Loading vm file vm/ui.qvm...
 bad pak index 118 (expecting 185) for vm/ui.jts.
VM file ui compiled to 569510 bytes of code
ui loaded in 1048832 bytes on the hunk
^3Restricted source tried to set "vm_game" to "0"
1 arenas ignored to make count divisible by 4
Unknown command "screenshotXP^7"
Requesting servers from master master.quake3arena.com...
getserversResponse: 99 servers parsed (total 99)
getserversResponse: 48 servers parsed (total 147)
79.142.106.99:27960 resolved to 79.142.106.99:27960
Current search path:
/home/r/.q3a/osp/zz-osp-server3a.pk3 (2 files)
/home/r/.q3a/osp/zz-osp-pak3.pk3 (2 files)
/home/r/.q3a/osp/zz-osp-pak2.pk3 (7 files)
/home/r/.q3a/osp/zz-osp-pak1.pk3 (110 files)
/home/r/.q3a/osp/zz-osp-pak0.pk3 (1045 files)
/home/r/.q3a/osp
/media/r/Games/Jogos/Quake III Arena/osp
/home/r/.q3a/baseq3/zz-exy.pk3 (939 files)
/home/r/.q3a/baseq3/pak6-misc.pk3 (229 files)
/home/r/.q3a/baseq3
/media/r/Games/Jogos/Quake III Arena/baseq3/zzz-b0_dez_fix.pk3 (3 files)
/media/r/Games/Jogos/Quake III Arena/baseq3/zz-osp-tdm.pk3 (8 files)
/media/r/Games/Jogos/Quake III Arena/baseq3/ztn3tourney1.pk3 (6 files)
/media/r/Games/Jogos/Quake III Arena/baseq3/ztn3dm1.pk3 (10 files)
/media/r/Games/Jogos/Quake III Arena/baseq3/zpr_run2.pk3 (23 files)
/media/r/Games/Jogos/Quake III Arena/baseq3/xcm_tricks2.pk3 (165 files)
/media/r/Games/Jogos/Quake III Arena/baseq3/XCMCTF-Pak1.pk3 (250 files)
/media/r/Games/Jogos/Quake III Arena/baseq3/vrmpack.pk3 (8 files)
/media/r/Games/Jogos/Quake III Arena/baseq3/vdmm4_01.pk3 (23 files)
/media/r/Games/Jogos/Quake III Arena/baseq3/vdm1.pk3 (36 files)
/media/r/Games/Jogos/Quake III Arena/baseq3/unfreeze0-dev-client.pk3 (31 files)
/media/r/Games/Jogos/Quake III Arena/baseq3/ump3.pk3 (501 files)
/media/r/Games/Jogos/Quake III Arena/baseq3/tsdocks-b3.pk3 (25 files)
/media/r/Games/Jogos/Quake III Arena/baseq3/tr1ckhouse-beta3.pk3 (27 files)
/media/r/Games/Jogos/Quake III Arena/baseq3/szaq8.pk3 (19 files)
/media/r/Games/Jogos/Quake III Arena/baseq3/szaq7.pk3 (18 files)
/media/r/Games/Jogos/Quake III Arena/baseq3/szaq5.pk3 (20 files)
/media/r/Games/Jogos/Quake III Arena/baseq3/szaq2.pk3 (21 files)
/media/r/Games/Jogos/Quake III Arena/baseq3/st1.pk3 (16 files)
/media/r/Games/Jogos/Quake III Arena/baseq3/skycastle.pk3 (21 files)
/media/r/Games/Jogos/Quake III Arena/baseq3/skeeter.pk3 (26 files)
/media/r/Games/Jogos/Quake III Arena/baseq3/runsky2.pk3 (16 files)
/media/r/Games/Jogos/Quake III Arena/baseq3/revisit_dfmaps.pk3 (1266 files)
/media/r/Games/Jogos/Quake III Arena/baseq3/rdk-spiral.pk3 (11 files)
/media/r/Games/Jogos/Quake III Arena/baseq3/rdk-15.pk3 (15 files)
/media/r/Games/Jogos/Quake III Arena/baseq3/ra3map1.pk3 (26 files)
/media/r/Games/Jogos/Quake III Arena/baseq3/q3wpak4.pk3 (562 files)
/media/r/Games/Jogos/Quake III Arena/baseq3/q3wpak3.pk3 (447 files)
/media/r/Games/Jogos/Quake III Arena/baseq3/q3wpak2.pk3 (195 files)
/media/r/Games/Jogos/Quake III Arena/baseq3/q3wpak1.pk3 (396 files)
/media/r/Games/Jogos/Quake III Arena/baseq3/q3wpak0.pk3 (287 files)
/media/r/Games/Jogos/Quake III Arena/baseq3/q3dm14tmp.pk3 (2 files)
/media/r/Games/Jogos/Quake III Arena/baseq3/q3amphi.pk3 (1 files)
/media/r/Games/Jogos/Quake III Arena/baseq3/pukka3tourney7.pk3 (115 files)
/media/r/Games/Jogos/Quake III Arena/baseq3/pukka3tourney6.pk3 (71 files)
/media/r/Games/Jogos/Quake III Arena/baseq3/pukka3tourney5.pk3 (47 files)
/media/r/Games/Jogos/Quake III Arena/baseq3/pukka3tourney4.pk3 (104 files)
/media/r/Games/Jogos/Quake III Arena/baseq3/pukka3tourney3.pk3 (115 files)
/media/r/Games/Jogos/Quake III Arena/baseq3/pukka3tourney2.pk3 (91 files)
/media/r/Games/Jogos/Quake III Arena/baseq3/pukka3tourney1.pk3 (52 files)
/media/r/Games/Jogos/Quake III Arena/baseq3/pukka3dm2.pk3 (31 files)
/media/r/Games/Jogos/Quake III Arena/baseq3/pukka3dm1.pk3 (102 files)
/media/r/Games/Jogos/Quake III Arena/baseq3/proton.pk3 (23 files)
/media/r/Games/Jogos/Quake III Arena/baseq3/promode&vanilla.pk3 (186 files)
/media/r/Games/Jogos/Quake III Arena/baseq3/pro-q3tourney7.pk3 (10 files)
/media/r/Games/Jogos/Quake III Arena/baseq3/pro-nodm9.pk3 (49 files)
/media/r/Games/Jogos/Quake III Arena/baseq3/pornstar-slopin.pk3 (16 files)
/media/r/Games/Jogos/Quake III Arena/baseq3/pornstar-redemption-long.pk3 (12 files)
/media/r/Games/Jogos/Quake III Arena/baseq3/pornstar-quickie1.pk3 (19 files)
/media/r/Games/Jogos/Quake III Arena/baseq3/pornstar-peanuts.pk3 (14 files)
/media/r/Games/Jogos/Quake III Arena/baseq3/pornstar-kaine.pk3 (18 files)
/media/r/Games/Jogos/Quake III Arena/baseq3/pornstar-gaand.pk3 (15 files)
/media/r/Games/Jogos/Quake III Arena/baseq3/pornstar-dhoni.pk3 (16 files)
/media/r/Games/Jogos/Quake III Arena/baseq3/pornstar-cpmrun.pk3 (17 files)
/media/r/Games/Jogos/Quake III Arena/baseq3/pornstar-8percent.pk3 (10 files)
/media/r/Games/Jogos/Quake III Arena/baseq3/Polish Mid-Air MapPack.pk3 (252 files)
/media/r/Games/Jogos/Quake III Arena/baseq3/pht-ob2fix1.pk3 (24 files)
/media/r/Games/Jogos/Quake III Arena/baseq3/pht-ob2.pk3 (18 files)
/media/r/Games/Jogos/Quake III Arena/baseq3/Pea_AerOBlah.pk3 (5 files)
/media/r/Games/Jogos/Quake III Arena/baseq3/pak8a.pk3 (220 files)
/media/r/Games/Jogos/Quake III Arena/baseq3/pak8.pk3 (9 files)
/media/r/Games/Jogos/Quake III Arena/baseq3/pak7.pk3 (4 files)
/media/r/Games/Jogos/Quake III Arena/baseq3/pak6.pk3 (64 files)
/media/r/Games/Jogos/Quake III Arena/baseq3/pak5.pk3 (7 files)
/media/r/Games/Jogos/Quake III Arena/baseq3/pak4.pk3 (272 files)
/media/r/Games/Jogos/Quake III Arena/baseq3/pak3.pk3 (4 files)
/media/r/Games/Jogos/Quake III Arena/baseq3/pak2.pk3 (148 files)
/media/r/Games/Jogos/Quake III Arena/baseq3/pak1.pk3 (26 files)
/media/r/Games/Jogos/Quake III Arena/baseq3/pak0.pk3 (3539 files)
/media/r/Games/Jogos/Quake III Arena/baseq3/ospra3map1.pk3 (23 files)
/media/r/Games/Jogos/Quake III Arena/baseq3/ospdm5a.pk3 (20 files)
/media/r/Games/Jogos/Quake III Arena/baseq3/opc1.pk3 (17 files)
/media/r/Games/Jogos/Quake III Arena/baseq3/ojra-absolution.pk3 (19 files)
/media/r/Games/Jogos/Quake III Arena/baseq3/ojfc-ctfsshit.pk3 (130 files)
/media/r/Games/Jogos/Quake III Arena/baseq3/ojfc-ctfsmoreshit-TEMP8.pk3 (103 files)
/media/r/Games/Jogos/Quake III Arena/baseq3/o3j-velocity.pk3 (44 files)
/media/r/Games/Jogos/Quake III Arena/baseq3/nosf-dervish.pk3 (30 files)
/media/r/Games/Jogos/Quake III Arena/baseq3/nodm7.pk3 (97 files)
/media/r/Games/Jogos/Quake III Arena/baseq3/nodm10.pk3 (58 files)
/media/r/Games/Jogos/Quake III Arena/baseq3/necro6.pk3 (124 files)
/media/r/Games/Jogos/Quake III Arena/baseq3/mario.pk3 (44 files)
/media/r/Games/Jogos/Quake III Arena/baseq3/map_sq3t2.pk3 (77 files)
/media/r/Games/Jogos/Quake III Arena/baseq3/map_oxodm76.pk3 (83 files)
/media/r/Games/Jogos/Quake III Arena/baseq3/map_oxodm55.pk3 (71 files)
/media/r/Games/Jogos/Quake III Arena/baseq3/map_oxodm19.pk3 (53 files)
/media/r/Games/Jogos/Quake III Arena/baseq3/map_oxodm14.pk3 (67 files)
/media/r/Games/Jogos/Quake III Arena/baseq3/map_oxodm120.pk3 (79 files)
/media/r/Games/Jogos/Quake III Arena/baseq3/map_ospdm5a.pk3 (20 files)
/media/r/Games/Jogos/Quake III Arena/baseq3/map_nodm9.pk3 (57 files)
/media/r/Games/Jogos/Quake III Arena/baseq3/map_nodm19.pk3 (71 files)
/media/r/Games/Jogos/Quake III Arena/baseq3/map_nodm18.pk3 (74 files)
/media/r/Games/Jogos/Quake III Arena/baseq3/map_nodm17.pk3 (74 files)
/media/r/Games/Jogos/Quake III Arena/baseq3/map_nodm13.pk3 (67 files)
/media/r/Games/Jogos/Quake III Arena/baseq3/map_cpmctf5.pk3 (16 files)
/media/r/Games/Jogos/Quake III Arena/baseq3/map_cpmctf3.pk3 (118 files)
/media/r/Games/Jogos/Quake III Arena/baseq3/map_cpmctf2.pk3 (57 files)
/media/r/Games/Jogos/Quake III Arena/baseq3/map_cpmctf1.pk3 (45 files)
/media/r/Games/Jogos/Quake III Arena/baseq3/map_cpma3.pk3 (10 files)
/media/r/Games/Jogos/Quake III Arena/baseq3/map_cpm9.pk3 (10 files)
/media/r/Games/Jogos/Quake III Arena/baseq3/map_cpm8.pk3 (13 files)
/media/r/Games/Jogos/Quake III Arena/baseq3/map_cpm7.pk3 (15 files)
/media/r/Games/Jogos/Quake III Arena/baseq3/map_cpm6.pk3 (41 files)
/media/r/Games/Jogos/Quake III Arena/baseq3/map_cpm5.pk3 (7 files)
/media/r/Games/Jogos/Quake III Arena/baseq3/map_cpm4a.pk3 (74 files)
/media/r/Games/Jogos/Quake III Arena/baseq3/map_cpm4.pk3 (7 files)
/media/r/Games/Jogos/Quake III Arena/baseq3/map_cpm3a.pk3 (79 files)
/media/r/Games/Jogos/Quake III Arena/baseq3/map_cpm3.pk3 (28 files)
/media/r/Games/Jogos/Quake III Arena/baseq3/map_cpm29.pk3 (78 files)
/media/r/Games/Jogos/Quake III Arena/baseq3/map_cpm28.pk3 (33 files)
/media/r/Games/Jogos/Quake III Arena/baseq3/map_cpm27.pk3 (95 files)
/media/r/Games/Jogos/Quake III Arena/baseq3/map_cpm26_cpmctf4.pk3 (100 files)
/media/r/Games/Jogos/Quake III Arena/baseq3/map_cpm25.pk3 (59 files)
/media/r/Games/Jogos/Quake III Arena/baseq3/map_cpm24.pk3 (44 files)
/media/r/Games/Jogos/Quake III Arena/baseq3/map_cpm23.pk3 (91 files)
/media/r/Games/Jogos/Quake III Arena/baseq3/map_cpm22.pk3 (60 files)
/media/r/Games/Jogos/Quake III Arena/baseq3/map_cpm21.pk3 (93 files)
/media/r/Games/Jogos/Quake III Arena/baseq3/map_cpm20.pk3 (82 files)
/media/r/Games/Jogos/Quake III Arena/baseq3/map_cpm2.pk3 (14 files)
/media/r/Games/Jogos/Quake III Arena/baseq3/map_cpm1a.pk3 (57 files)
/media/r/Games/Jogos/Quake III Arena/baseq3/map_cpm19.pk3 (58 files)
/media/r/Games/Jogos/Quake III Arena/baseq3/map_cpm18r.pk3 (79 files)
/media/r/Games/Jogos/Quake III Arena/baseq3/map_cpm18.pk3 (77 files)
/media/r/Games/Jogos/Quake III Arena/baseq3/map_cpm17.pk3 (71 files)
/media/r/Games/Jogos/Quake III Arena/baseq3/map_cpm16.pk3 (34 files)
/media/r/Games/Jogos/Quake III Arena/baseq3/map_cpm15.pk3 (28 files)
/media/r/Games/Jogos/Quake III Arena/baseq3/map_cpm14.pk3 (86 files)
/media/r/Games/Jogos/Quake III Arena/baseq3/map_cpm13.pk3 (72 files)
/media/r/Games/Jogos/Quake III Arena/baseq3/map_cpm12.pk3 (20 files)
/media/r/Games/Jogos/Quake III Arena/baseq3/map_cpm11a.pk3 (18 files)
/media/r/Games/Jogos/Quake III Arena/baseq3/map_cpm11.pk3 (15 files)
/media/r/Games/Jogos/Quake III Arena/baseq3/map_cpm10.pk3 (16 files)
/media/r/Games/Jogos/Quake III Arena/baseq3/mapel4b.pk3 (59 files)
/media/r/Games/Jogos/Quake III Arena/baseq3/map-xfdm2.pk3 (63 files)
/media/r/Games/Jogos/Quake III Arena/baseq3/map-plduel4.pk3 (106 files)
/media/r/Games/Jogos/Quake III Arena/baseq3/map-plduel3.pk3 (88 files)
/media/r/Games/Jogos/Quake III Arena/baseq3/map-plduel2.pk3 (81 files)
/media/r/Games/Jogos/Quake III Arena/baseq3/map-plduel1.pk3 (98 files)
/media/r/Games/Jogos/Quake III Arena/baseq3/map-acidcpma2.pk3 (46 files)
/media/r/Games/Jogos/Quake III Arena/baseq3/map-acid3dm10.pk3 (40 files)
/media/r/Games/Jogos/Quake III Arena/baseq3/ltgm_arght.pk3 (7 files)
/media/r/Games/Jogos/Quake III Arena/baseq3/lick-hq.pk3 (21 files)
/media/r/Games/Jogos/Quake III Arena/baseq3/kraglecpm.pk3 (30 files)
/media/r/Games/Jogos/Quake III Arena/baseq3/j4n_govno.pk3 (22 files)
/media/r/Games/Jogos/Quake III Arena/baseq3/invertedpenguin.pk3 (146 files)
/media/r/Games/Jogos/Quake III Arena/baseq3/industrial.pk3 (164 files)
/media/r/Games/Jogos/Quake III Arena/baseq3/hub3aeroq3.pk3 (30 files)
/media/r/Games/Jogos/Quake III Arena/baseq3/ht-tourney1-beta8.pk3 (130 files)
/media/r/Games/Jogos/Quake III Arena/baseq3/hektik_b3_2.pk3 (90 files)
/media/r/Games/Jogos/Quake III Arena/baseq3/hektik_b3.pk3 (90 files)
/media/r/Games/Jogos/Quake III Arena/baseq3/hcmhxn5.pk3 (78 files)
/media/r/Games/Jogos/Quake III Arena/baseq3/gu3-fragments.pk3 (50 files)
/media/r/Games/Jogos/Quake III Arena/baseq3/Fjo3ctf1.pk3 (109 files)
/media/r/Games/Jogos/Quake III Arena/baseq3/falkoisgay.pk3 (4 files)
/media/r/Games/Jogos/Quake III Arena/baseq3/end3r-strafe1.pk3 (3 files)
/media/r/Games/Jogos/Quake III Arena/baseq3/electron.pk3 (26 files)
/media/r/Games/Jogos/Quake III Arena/baseq3/eizdm4-b15.pk3 (19 files)
/media/r/Games/Jogos/Quake III Arena/baseq3/dustballs.pk3 (15 files)
/media/r/Games/Jogos/Quake III Arena/baseq3/df_rusher_mappack.pk3 (233 files)
/media/r/Games/Jogos/Quake III Arena/baseq3/dezdm1.pk3 (13 files)
/media/r/Games/Jogos/Quake III Arena/baseq3/cyb-GPLeap_fixed.pk3 (20 files)
/media/r/Games/Jogos/Quake III Arena/baseq3/ct3ctf1.pk3 (60 files)
/media/r/Games/Jogos/Quake III Arena/baseq3/cpu1b2.pk3 (7 files)
/media/r/Games/Jogos/Quake III Arena/baseq3/cpmjump.pk3 (3 files)
/media/r/Games/Jogos/Quake III Arena/baseq3/cos1_beta7b.pk3 (55 files)
/media/r/Games/Jogos/Quake III Arena/baseq3/coldrun.pk3 (58 files)
/media/r/Games/Jogos/Quake III Arena/baseq3/ChilePackHunter2.pk3 (71 files)
/media/r/Games/Jogos/Quake III Arena/baseq3/boris_torture1.pk3 (11 files)
/media/r/Games/Jogos/Quake III Arena/baseq3/bardok-egypt.pk3 (28 files)
/media/r/Games/Jogos/Quake III Arena/baseq3/BardoK-AVP.pk3 (27 files)
/media/r/Games/Jogos/Quake III Arena/baseq3/bardok-airjordan.pk3 (22 files)
/media/r/Games/Jogos/Quake III Arena/baseq3/b1k.pk3 (4 files)
/media/r/Games/Jogos/Quake III Arena/baseq3/b0_beta6_2.pk3 (25 files)
/media/r/Games/Jogos/Quake III Arena/baseq3/b0_beta6.pk3 (27 files)
/media/r/Games/Jogos/Quake III Arena/baseq3/b0_beta3.pk3 (54 files)
/media/r/Games/Jogos/Quake III Arena/baseq3/avrdm1b.pk3 (69 files)
/media/r/Games/Jogos/Quake III Arena/baseq3/astronomybeta.pk3 (77 files)
/media/r/Games/Jogos/Quake III Arena/baseq3/amt-run2.pk3 (36 files)
/media/r/Games/Jogos/Quake III Arena/baseq3/akumacpm1a.pk3 (65 files)
/media/r/Games/Jogos/Quake III Arena/baseq3

handle 1: qconsole.log
----------------------
18522 files in 185 pk3 files
com_hunkMegs will be changed upon restarting.
g_gametype will be changed upon restarting.
